<?xml version="1.0" encoding="UTF-8"?>
<!-- Generated by org.testng.reporters.JUnitReportReporter -->
<testsuite skipped="0" hostname="DESKTOP-FK169L2" name="testing.Maven_project.basic" tests="1" failures="0" timestamp="14 Dec 2018 09:55:48 GMT" time="0.031" errors="0">
  <testcase name="a" time="0.031" classname="testing.Maven_project.basic"/>
</testsuite> <!-- testing.Maven_project.basic -->
